Using pre-set license
Built from '2021.3/staging' branch; Version is '2021.3.10f1 (1c7d0df0160b) revision 1867021'; Using compiler version '192829333'; Build Type 'Release'
OS: 'Windows 11  (10.0.22621) 64bit Core' Language: 'en' Physical Memory: 15746 MB
BatchMode: 1, IsHumanControllingUs: 0, StartBugReporterOnCrash: 0, Is64bit: 1, IsPro: 1

COMMAND LINE ARGUMENTS:
C:\Program Files\Unity\Hub\Editor\2021.3.10f1\Editor\Unity.exe
-adb2
-batchMode
-noUpm
-name
AssetImportWorker3
-projectPath
C:/Users/stank/Documents/GitHub/Jenga/Jenga
-logFile
Logs/AssetImportWorker3.log
-srvPort
51511
Successfully changed project path to: C:/Users/stank/Documents/GitHub/Jenga/Jenga
C:/Users/stank/Documents/GitHub/Jenga/Jenga
[UnityMemory] Configuration Parameters - Can be set up in boot.config
    "memorysetup-bucket-allocator-granularity=16"
    "memorysetup-bucket-allocator-bucket-count=8"
    "memorysetup-bucket-allocator-block-size=33554432"
    "memorysetup-bucket-allocator-block-count=8"
    "memorysetup-main-allocator-block-size=16777216"
    "memorysetup-thread-allocator-block-size=16777216"
    "memorysetup-gfx-main-allocator-block-size=16777216"
    "memorysetup-gfx-thread-allocator-block-size=16777216"
    "memorysetup-cache-allocator-block-size=4194304"
    "memorysetup-typetree-allocator-block-size=2097152"
    "memorysetup-profiler-bucket-allocator-granularity=16"
    "memorysetup-profiler-bucket-allocator-bucket-count=8"
    "memorysetup-profiler-bucket-allocator-block-size=33554432"
    "memorysetup-profiler-bucket-allocator-block-count=8"
    "memorysetup-profiler-allocator-block-size=16777216"
    "memorysetup-profiler-editor-allocator-block-size=1048576"
    "memorysetup-temp-allocator-size-main=16777216"
    "memorysetup-job-temp-allocator-block-size=2097152"
    "memorysetup-job-temp-allocator-block-size-background=1048576"
    "memorysetup-job-temp-allocator-reduction-small-platforms=262144"
    "memorysetup-temp-allocator-size-background-worker=32768"
    "memorysetup-temp-allocator-size-job-worker=262144"
    "memorysetup-temp-allocator-size-preload-manager=33554432"
    "memorysetup-temp-allocator-size-nav-mesh-worker=65536"
    "memorysetup-temp-allocator-size-audio-worker=65536"
    "memorysetup-temp-allocator-size-cloud-worker=32768"
    "memorysetup-temp-allocator-size-gi-baking-worker=262144"
    "memorysetup-temp-allocator-size-gfx=262144"
Refreshing native plugins compatible for Editor in 103.67 ms, found 3 plugins.
Preloading 0 native plugins for Editor in 0.00 ms.
Initialize engine version: 2021.3.10f1 (1c7d0df0160b)
[Subsystems] Discovering subsystems at path C:/Program Files/Unity/Hub/Editor/2021.3.10f1/Editor/Data/Resources/UnitySubsystems
[Subsystems] Discovering subsystems at path C:/Users/stank/Documents/GitHub/Jenga/Jenga/Assets
GfxDevice: creating device client; threaded=0; jobified=0
Direct3D:
    Version:  Direct3D 11.0 [level 11.1]
    Renderer: NVIDIA GeForce GTX 1650 SUPER (ID=0x2187)
    Vendor:   NVIDIA
    VRAM:     3955 MB
    Driver:   31.0.15.1694
Initialize mono
Mono path[0] = 'C:/Program Files/Unity/Hub/Editor/2021.3.10f1/Editor/Data/Managed'
Mono path[1] = 'C:/Program Files/Unity/Hub/Editor/2021.3.10f1/Editor/Data/MonoBleedingEdge/lib/mono/unityjit-win32'
Mono config path = 'C:/Program Files/Unity/Hub/Editor/2021.3.10f1/Editor/Data/MonoBleedingEdge/etc'
Using monoOptions --debugger-agent=transport=dt_socket,embedding=1,server=y,suspend=n,address=127.0.0.1:56584
Begin MonoManager ReloadAssembly
Registering precompiled unity dll's ...
Register platform support module: C:/Program Files/Unity/Hub/Editor/2021.3.10f1/Editor/Data/PlaybackEngines/WindowsStandaloneSupport/UnityEditor.WindowsStandalone.Extensions.dll
Registered in 0.007063 seconds.
Native extension for WindowsStandalone target not found
Refreshing native plugins compatible for Editor in 83.30 ms, found 3 plugins.
Preloading 0 native plugins for Editor in 0.00 ms.
Mono: successfully reloaded assembly
- Completed reload, in  0.661 seconds
Domain Reload Profiling:
	ReloadAssembly (662ms)
		BeginReloadAssembly (82ms)
			ExecutionOrderSort (0ms)
			DisableScriptedObjects (0ms)
			BackupInstance (0ms)
			ReleaseScriptingObjects (0ms)
			CreateAndSetChildDomain (1ms)
		EndReloadAssembly (466ms)
			LoadAssemblies (79ms)
			RebuildTransferFunctionScriptingTraits (0ms)
			SetupTypeCache (104ms)
			ReleaseScriptCaches (0ms)
			RebuildScriptCaches (31ms)
			SetupLoadedEditorAssemblies (278ms)
				LogAssemblyErrors (0ms)
				InitializePlatformSupportModulesInManaged (10ms)
				SetLoadedEditorAssemblies (0ms)
				RefreshPlugins (84ms)
				BeforeProcessingInitializeOnLoad (1ms)
				ProcessInitializeOnLoadAttributes (137ms)
				ProcessInitializeOnLoadMethodAttributes (46ms)
				AfterProcessingInitializeOnLoad (0ms)
				EditorAssembliesLoaded (0ms)
			ExecutionOrderSort2 (0ms)
			AwakeInstancesAfterBackupRestoration (0ms)
Platform modules already initialized, skipping
Registering precompiled user dll's ...
Registered in 0.008296 seconds.
Begin MonoManager ReloadAssembly
Symbol file LoadedFromMemory doesn't match image C:\Users\stank\Documents\GitHub\Jenga\Jenga\Library\PackageCache\com.unity.visualscripting@1.7.8\Editor\VisualScripting.Core\Dependencies\YamlDotNet\Unity.VisualScripting.YamlDotNet.dll
Symbol file LoadedFromMemory doesn't match image C:\Users\stank\Documents\GitHub\Jenga\Jenga\Library\PackageCache\com.unity.visualscripting@1.7.8\Editor\VisualScripting.Core\Dependencies\DotNetZip\Unity.VisualScripting.IonicZip.dll
Native extension for WindowsStandalone target not found
Refreshing native plugins compatible for Editor in 0.62 ms, found 3 plugins.
Preloading 0 native plugins for Editor in 0.00 ms.
Mono: successfully reloaded assembly
- Completed reload, in  1.034 seconds
Domain Reload Profiling:
	ReloadAssembly (1037ms)
		BeginReloadAssembly (122ms)
			ExecutionOrderSort (0ms)
			DisableScriptedObjects (6ms)
			BackupInstance (0ms)
			ReleaseScriptingObjects (0ms)
			CreateAndSetChildDomain (20ms)
		EndReloadAssembly (796ms)
			LoadAssemblies (97ms)
			RebuildTransferFunctionScriptingTraits (0ms)
			SetupTypeCache (247ms)
			ReleaseScriptCaches (1ms)
			RebuildScriptCaches (49ms)
			SetupLoadedEditorAssemblies (375ms)
				LogAssemblyErrors (0ms)
				InitializePlatformSupportModulesInManaged (8ms)
				SetLoadedEditorAssemblies (1ms)
				RefreshPlugins (1ms)
				BeforeProcessingInitializeOnLoad (91ms)
				ProcessInitializeOnLoadAttributes (239ms)
				ProcessInitializeOnLoadMethodAttributes (27ms)
				AfterProcessingInitializeOnLoad (9ms)
				EditorAssembliesLoaded (0ms)
			ExecutionOrderSort2 (0ms)
			AwakeInstancesAfterBackupRestoration (6ms)
Platform modules already initialized, skipping
========================================================================
Worker process is ready to serve import requests
Launched and connected shader compiler UnityShaderCompiler.exe after 0.09 seconds
Refreshing native plugins compatible for Editor in 1.79 ms, found 3 plugins.
Preloading 0 native plugins for Editor in 0.00 ms.
Unloading 3381 Unused Serialized files (Serialized files now loaded: 0)
Unloading 27 unused Assets / (113.4 KB). Loaded Objects now: 3838.
Memory consumption went from 116.3 MB to 116.2 MB.
Total: 6.805700 ms (FindLiveObjects: 0.609500 ms CreateObjectMapping: 0.376500 ms MarkObjects: 5.615600 ms  DeleteObjects: 0.202000 ms)

AssetImportParameters requested are different than current active one (requested -> active):
  custom:video-decoder-ogg-theora: a1e56fd34408186e4bbccfd4996cb3dc -> 
  custom:container-muxer-webm: aa71ff27fc2769a1b78a27578f13a17b -> 
  custom:container-demuxer-webm: 4f35f7cbe854078d1ac9338744f61a02 -> 
  custom:video-encoder-webm-vp8: eb34c28f22e8b96e1ab97ce403110664 -> 
  custom:audio-encoder-webm-vorbis: bf7c407c2cedff20999df2af8eb42d56 -> 
  custom:framework-win-MediaFoundation: 216162199b28c13a410421893ffa2e32 -> 
  custom:container-demuxer-ogg: 62fdf1f143b41e24485cea50d1cbac27 -> 
  custom:video-decoder-webm-vp8: 9c59270c3fd7afecdb556c50c9e8de78 -> 
  custom:audio-decoder-ogg-vorbis: bf7c407c2cedff20999df2af8eb42d56 -> 
========================================================================
Received Import Request.
  Time since last request: 198703.354870 seconds.
  path: Assets/Textures/512x512/Dirt/Dirt_06-512x512.png
  artifactKey: Guid(cb9ef3b653ebb0b43873e44bdd5cf796) Importer(815301076,1909f56bfc062723c751e8b465ee728b)
Start importing Assets/Textures/512x512/Dirt/Dirt_06-512x512.png using Guid(cb9ef3b653ebb0b43873e44bdd5cf796) Importer(815301076,1909f56bfc062723c751e8b465ee728b)  -> (artifact id: '48c405053bf9402a44e9e156a5ed3c7f') in 0.199777 seconds 
========================================================================
Received Import Request.
  Time since last request: 0.000049 seconds.
  path: Assets/Textures/512x512/Dirt/Dirt_12-512x512.png
  artifactKey: Guid(b272bf715a2bc7a4e95c0e6da7b13580) Importer(815301076,1909f56bfc062723c751e8b465ee728b)
Start importing Assets/Textures/512x512/Dirt/Dirt_12-512x512.png using Guid(b272bf715a2bc7a4e95c0e6da7b13580) Importer(815301076,1909f56bfc062723c751e8b465ee728b)  -> (artifact id: '3651423648bf1bb66b447051fd5df076') in 0.019693 seconds 
========================================================================
Received Import Request.
  Time since last request: 1.152840 seconds.
  path: Assets/Textures/512x512/Tile/Tile_03-512x512.png
  artifactKey: Guid(cf562d50a5ec6914aad25572d14f113c) Importer(815301076,1909f56bfc062723c751e8b465ee728b)
Start importing Assets/Textures/512x512/Tile/Tile_03-512x512.png using Guid(cf562d50a5ec6914aad25572d14f113c) Importer(815301076,1909f56bfc062723c751e8b465ee728b)  -> (artifact id: '1c64d36021228dd7e383b34d6b392356') in 0.022562 seconds 
========================================================================
Received Import Request.
  Time since last request: 0.000042 seconds.
  path: Assets/Textures/512x512/Tile/Tile_19-512x512.png
  artifactKey: Guid(db3f66125d33b8144b199509903a669b) Importer(815301076,1909f56bfc062723c751e8b465ee728b)
Start importing Assets/Textures/512x512/Tile/Tile_19-512x512.png using Guid(db3f66125d33b8144b199509903a669b) Importer(815301076,1909f56bfc062723c751e8b465ee728b)  -> (artifact id: '90cbb050c7449735f1a0df220503934b') in 0.039682 seconds 
========================================================================
Received Import Request.
  Time since last request: 0.000036 seconds.
  path: Assets/Textures/512x512/Tile/Tile_04-512x512.png
  artifactKey: Guid(98bf81f0d5101d54ea34a90cfa753f8e) Importer(815301076,1909f56bfc062723c751e8b465ee728b)
Start importing Assets/Textures/512x512/Tile/Tile_04-512x512.png using Guid(98bf81f0d5101d54ea34a90cfa753f8e) Importer(815301076,1909f56bfc062723c751e8b465ee728b)  -> (artifact id: '0157759393ffafedb0d37ab0abfbcfae') in 0.036588 seconds 
========================================================================
Received Import Request.
  Time since last request: 0.000044 seconds.
  path: Assets/Textures/512x512/Tile/Tile_07-512x512.png
  artifactKey: Guid(6b924995374f76f47baa37d2565fa228) Importer(815301076,1909f56bfc062723c751e8b465ee728b)
Start importing Assets/Textures/512x512/Tile/Tile_07-512x512.png using Guid(6b924995374f76f47baa37d2565fa228) Importer(815301076,1909f56bfc062723c751e8b465ee728b)  -> (artifact id: 'bd32d7617a7688af4e5dd26a1e09ace4') in 0.053851 seconds 
========================================================================
Received Import Request.
  Time since last request: 0.000046 seconds.
  path: Assets/Textures/512x512/Tile/Tile_08-512x512.png
  artifactKey: Guid(e158a618f75e25943971dc613dc7a063) Importer(815301076,1909f56bfc062723c751e8b465ee728b)
Start importing Assets/Textures/512x512/Tile/Tile_08-512x512.png using Guid(e158a618f75e25943971dc613dc7a063) Importer(815301076,1909f56bfc062723c751e8b465ee728b)  -> (artifact id: 'f26a2aba7f373dc4aca357122e71921c') in 0.026210 seconds 
========================================================================
Received Import Request.
  Time since last request: 0.000034 seconds.
  path: Assets/Textures/512x512/Tile/Tile_14-512x512.png
  artifactKey: Guid(f232af445d233524cbb711c37a49c362) Importer(815301076,1909f56bfc062723c751e8b465ee728b)
Start importing Assets/Textures/512x512/Tile/Tile_14-512x512.png using Guid(f232af445d233524cbb711c37a49c362) Importer(815301076,1909f56bfc062723c751e8b465ee728b)  -> (artifact id: '0c1dec1ed684d80890015b340f9c8b43') in 0.029493 seconds 
========================================================================
Received Import Request.
  Time since last request: 0.000043 seconds.
  path: Assets/Textures/512x512/Tile/Tile_17-512x512.png
  artifactKey: Guid(b245f92f94d2e43449004d58c579f66f) Importer(815301076,1909f56bfc062723c751e8b465ee728b)
Start importing Assets/Textures/512x512/Tile/Tile_17-512x512.png using Guid(b245f92f94d2e43449004d58c579f66f) Importer(815301076,1909f56bfc062723c751e8b465ee728b)  -> (artifact id: '4bf00a888eeb97997a7989a8cfb8be95') in 0.067666 seconds 
Editor requested this worker to shutdown with reason: Scaling down because of idle timeout
AssetImportWorker is now disconnected from the server
Process exiting
Exiting without the bug reporter. Application will terminate with return code 0